[2026-07-18T14:10:13.521Z] info: kubernetes.yaml was copied to the config folder
[2026-07-18T14:10:45.444Z] error: Host validation failed for: 192.168.50.2:3000. Hint: Set the HOMEPAGE_ALLOWED_HOSTS environment variable to allow requests from this host / port.
[2026-07-18T14:10:45.938Z] error: Host validation failed for: 192.168.50.2:3000. Hint: Set the HOMEPAGE_ALLOWED_HOSTS environment variable to allow requests from this host / port.
[2026-07-18T14:10:45.963Z] error: Host validation failed for: 192.168.50.2:3000. Hint: Set the HOMEPAGE_ALLOWED_HOSTS environment variable to allow requests from this host / port.
[2026-07-18T14:10:45.974Z] error: Host validation failed for: 192.168.50.2:3000. Hint: Set the HOMEPAGE_ALLOWED_HOSTS environment variable to allow requests from this host / port.
[2026-07-18T14:10:45.991Z] error: Host validation failed for: 192.168.50.2:3000. Hint: Set the HOMEPAGE_ALLOWED_HOSTS environment variable to allow requests from this host / port.
[2026-07-18T14:10:45.998Z] error: Host validation failed for: 192.168.50.2:3000. Hint: Set the HOMEPAGE_ALLOWED_HOSTS environment variable to allow requests from this host / port.
[2026-07-18T14:10:46.004Z] error: Host validation failed for: 192.168.50.2:3000. Hint: Set the HOMEPAGE_ALLOWED_HOSTS environment variable to allow requests from this host / port.
[2026-07-18T14:10:46.008Z] error: Host validation failed for: 192.168.50.2:3000. Hint: Set the HOMEPAGE_ALLOWED_HOSTS environment variable to allow requests from this host / port.
[2026-07-18T14:10:46.014Z] error: Host validation failed for: 192.168.50.2:3000. Hint: Set the HOMEPAGE_ALLOWED_HOSTS environment variable to allow requests from this host / port.
[2026-07-18T14:10:46.024Z] error: Host validation failed for: 192.168.50.2:3000. Hint: Set the HOMEPAGE_ALLOWED_HOSTS environment variable to allow requests from this host / port.
[2026-07-18T14:10:46.030Z] error: Host validation failed for: 192.168.50.2:3000. Hint: Set the HOMEPAGE_ALLOWED_HOSTS environment variable to allow requests from this host / port.
[2026-07-18T14:10:46.036Z] error: Host validation failed for: 192.168.50.2:3000. Hint: Set the HOMEPAGE_ALLOWED_HOSTS environment variable to allow requests from this host / port.
[2026-07-18T14:12:03.009Z] error: Host validation failed for: 192.168.50.2:3000. Hint: Set the HOMEPAGE_ALLOWED_HOSTS environment variable to allow requests from this host / port.
[2026-07-18T14:12:03.014Z] error: Host validation failed for: 192.168.50.2:3000. Hint: Set the HOMEPAGE_ALLOWED_HOSTS environment variable to allow requests from this host / port.
[2026-07-18T14:12:06.017Z] error: Host validation failed for: 192.168.50.2:3000. Hint: Set the HOMEPAGE_ALLOWED_HOSTS environment variable to allow requests from this host / port.
[2026-07-18T14:13:16.833Z] info: docker.yaml was copied to the config folder
[2026-07-18T14:13:16.835Z] info: services.yaml was copied to the config folder
[2026-07-18T14:13:16.836Z] info: bookmarks.yaml was copied to the config folder
[2026-07-18T14:13:16.837Z] info: proxmox.yaml was copied to the config folder
[2026-07-18T14:13:16.852Z] info: widgets.yaml was copied to the config folder
[2026-07-18T14:13:16.853Z] info: custom.css was copied to the config folder
[2026-07-18T14:13:16.853Z] info: custom.js was copied to the config folder
[2026-07-18T14:21:31.542Z] error: <service-helpers> Error getting services from Docker server 'my-docker': Error: connect EACCES /var/run/docker.sock
    at ignore-listed frames {
  errno: -13,
  code: 'EACCES',
  syscall: 'connect',
  address: '/var/run/docker.sock'
}
[2026-07-18T14:21:31.795Z] error: <service-helpers> Error getting services from Docker server 'my-docker': Error: connect EACCES /var/run/docker.sock
    at ignore-listed frames {
  errno: -13,
  code: 'EACCES',
  syscall: 'connect',
  address: '/var/run/docker.sock'
}
[2026-07-18T14:21:32.178Z] error: <service-helpers> Error getting services from Docker server 'my-docker': Error: connect EACCES /var/run/docker.sock
    at ignore-listed frames {
  errno: -13,
  code: 'EACCES',
  syscall: 'connect',
  address: '/var/run/docker.sock'
}
[2026-07-18T14:21:45.062Z] error: <service-helpers> Error getting services from Docker server 'my-docker': Error: connect EACCES /var/run/docker.sock
    at ignore-listed frames {
  errno: -13,
  code: 'EACCES',
  syscall: 'connect',
  address: '/var/run/docker.sock'
}
[2026-07-18T14:21:49.541Z] error: <service-helpers> Error getting services from Docker server 'my-docker': Error: connect EACCES /var/run/docker.sock
    at ignore-listed frames {
  errno: -13,
  code: 'EACCES',
  syscall: 'connect',
  address: '/var/run/docker.sock'
}
[2026-07-18T14:21:56.906Z] error: <service-helpers> Error getting services from Docker server 'my-docker': Error: connect EACCES /var/run/docker.sock
    at ignore-listed frames {
  errno: -13,
  code: 'EACCES',
  syscall: 'connect',
  address: '/var/run/docker.sock'
}
[2026-07-18T14:21:59.115Z] error: <service-helpers> Error getting services from Docker server 'my-docker': Error: connect EACCES /var/run/docker.sock
    at ignore-listed frames {
  errno: -13,
  code: 'EACCES',
  syscall: 'connect',
  address: '/var/run/docker.sock'
}
[2026-07-18T14:22:13.173Z] error: <service-helpers> Error getting services from Docker server 'my-docker': Error: connect EACCES /var/run/docker.sock
    at ignore-listed frames {
  errno: -13,
  code: 'EACCES',
  syscall: 'connect',
  address: '/var/run/docker.sock'
}
[2026-07-18T14:30:34.445Z] error: <service-helpers> Error getting services from Docker server 'my-docker': Error: connect EACCES /var/run/docker.sock
    at ignore-listed frames {
  errno: -13,
  code: 'EACCES',
  syscall: 'connect',
  address: '/var/run/docker.sock'
}
[2026-07-18T14:31:14.418Z] error: <service-helpers> Error getting services from Docker server 'my-docker': Error: connect EACCES /var/run/docker.sock
    at ignore-listed frames {
  errno: -13,
  code: 'EACCES',
  syscall: 'connect',
  address: '/var/run/docker.sock'
}
[2026-07-18T14:57:42.272Z] error: <service-helpers> Error getting services from Docker server 'my-docker': Error: connect EACCES /var/run/docker.sock
    at ignore-listed frames {
  errno: -13,
  code: 'EACCES',
  syscall: 'connect',
  address: '/var/run/docker.sock'
}
